[15-12-2021 21:54:52] Error! File  not found on disk.
[15-12-2021 21:54:52] Revert original image for : 
[15-12-2021 21:54:52] Error! Attachment # has no corresponding file on disk.
[15-12-2021 21:54:52] Error! File  not found on disk.
[15-12-2021 21:54:52] Revert original image for : 
[15-12-2021 21:54:52] Error! Attachment # has no corresponding file on disk.
[15-12-2021 21:54:52] Error! File  not found on disk.
[15-12-2021 21:54:52] Revert original image for : 
[15-12-2021 21:54:52] Error! Attachment # has no corresponding file on disk.
[15-12-2021 21:54:52] Error! File  not found on disk.
[15-12-2021 21:54:52] Revert original image for : 
[15-12-2021 21:54:52] Error! Attachment # has no corresponding file on disk.
[15-12-2021 21:54:52] Error! File  not found on disk.
[15-12-2021 21:54:52] Revert original image for : /wp-content/uploads/2021/12/IMG_1094-1.jpg
[15-12-2021 21:55:02] Optimized file /wp-content/uploads/2021/12/IMG_1094-1-207x300.jpg from 11 KB to 9 KB
[15-12-2021 21:55:03] Optimized file /wp-content/uploads/2021/12/IMG_1094-1-150x150.jpg from 5 KB to 4 KB
[15-12-2021 21:55:04] Optimized file /wp-content/uploads/2021/12/IMG_1094-1-265x331.jpg from 14 KB to 12 KB
[15-12-2021 21:55:13] Optimized file /wp-content/uploads/2021/12/IMG_1094-1-504x729.jpg from 47 KB to 38 KB
[15-12-2021 21:55:16] Optimized file /wp-content/uploads/2021/12/IMG_1094-1-100x100.jpg from 3 KB to 2 KB
[15-12-2021 21:55:31] Optimized file /wp-content/uploads/2021/12/IMG_1094-1-504x729.jpg from 38 KB to 38 KB[15-12-2021 21:55:34] Optimized file /wp-content/uploads/2021/12/IMG_1094-1-100x100.jpg from 2 KB to 2 KB
[15-12-2021 21:55:34] Revert original image for : /wp-content/uploads/2021/12/IMG_1094-2.jpg
[15-12-2021 21:55:35] Optimized file /wp-content/uploads/2021/12/IMG_1094-2.jpg from 334 KB to 56 KB
[15-12-2021 21:55:35] Optimized file /wp-content/uploads/2021/12/IMG_1094-2-207x300.jpg from 11 KB to 9 KB
[15-12-2021 21:55:38] Optimized file /wp-content/uploads/2021/12/IMG_1094-2-150x150.jpg from 5 KB to 4 KB
[15-12-2021 21:55:39] Optimized file /wp-content/uploads/2021/12/IMG_1094-2-265x331.jpg from 14 KB to 12 KB
[15-12-2021 21:55:39] Optimized file /wp-content/uploads/2021/12/IMG_1094-2-504x729.jpg from 47 KB to 38 KB
[15-12-2021 21:55:49] Optimized file /wp-content/uploads/2021/12/IMG_1094-2-265x331.jpg from 12 KB to 12 KB
[15-12-2021 21:55:53] Optimized file /wp-content/uploads/2021/12/IMG_1094-2-504x729.jpg from 38 KB to 38 KB
[15-12-2021 21:55:57] Optimized file /wp-content/uploads/2021/12/IMG_1094-2-100x100.jpg from 3 KB to 2 KB
[15-12-2021 21:55:57] Revert original image for : /wp-content/uploads/2021/12/IMG_1094.jpg
[15-12-2021 21:56:01] Optimized file /wp-content/uploads/2021/12/IMG_1094.jpg from 334 KB to 56 KB
[15-12-2021 21:56:23] Optimized file /wp-content/uploads/2021/12/IMG_1094-150x150.jpg from 5 KB to 4 KB
[15-12-2021 21:56:23] Optimized file /wp-content/uploads/2021/12/IMG_1094-265x331.jpg from 14 KB to 12 KB
[15-12-2021 21:56:24] Optimized file /wp-content/uploads/2021/12/IMG_1094-504x729.jpg from 47 KB to 38 KB
[15-12-2021 21:56:31] Optimized file /wp-content/uploads/2021/12/IMG_1094-100x100.jpg from 3 KB to 2 KB
[15-12-2021 21:56:35] Optimized file /wp-content/uploads/2021/12/IMG_1094-265x331.jpg from 12 KB to 12 KB
[15-12-2021 21:56:36] Optimized file /wp-content/uploads/2021/12/IMG_1094-504x729.jpg from 38 KB to 38 KB
[15-12-2021 21:56:36] Optimized file /wp-content/uploads/2021/12/IMG_1094-100x100.jpg from 2 KB to 2 KB
[15-12-2021 21:56:36] Revert original image for : /wp-content/uploads/2021/12/IMG_1097-1.jpg
[15-12-2021 21:56:37] Optimized file /wp-content/uploads/2021/12/IMG_1097-1.jpg from 195 KB to 58 KB
[15-12-2021 21:56:37] Optimized file /wp-content/uploads/2021/12/IMG_1097-1-210x300.jpg from 12 KB to 10 KB
[15-12-2021 21:56:38] Optimized file /wp-content/uploads/2021/12/IMG_1097-1-150x150.jpg from 5 KB to 4 KB
[15-12-2021 21:56:40] Optimized file /wp-content/uploads/2021/12/IMG_1097-1-265x331.jpg from 15 KB to 12 KB
[15-12-2021 21:56:44] Optimized file /wp-content/uploads/2021/12/IMG_1097-1-504x720.jpg from 50 KB to 41 KB
[15-12-2021 21:56:50] Optimized file /wp-content/uploads/2021/12/IMG_1097-1-100x100.jpg from 3 KB to 2 KB
[15-12-2021 21:56:51] Optimized file /wp-content/uploads/2021/12/IMG_1097-1-265x331.jpg from 12 KB to 12 KB
[15-12-2021 21:56:54] Optimized file /wp-content/uploads/2021/12/IMG_1097-1-504x720.jpg from 41 KB to 41 KB
[15-12-2021 21:56:55] Optimized file /wp-content/uploads/2021/12/IMG_1097-1-100x100.jpg from 2 KB to 2 KB
[15-12-2021 21:56:55] Revert original image for : /wp-content/uploads/2021/12/IMG_1097.jpg
[15-12-2021 21:56:55] Optimized file /wp-content/uploads/2021/12/IMG_1097.jpg from 195 KB to 58 KB
[15-12-2021 21:56:55] Optimized file /wp-content/uploads/2021/12/IMG_1097-210x300.jpg from 12 KB to 10 KB
[15-12-2021 21:56:59] Optimized file /wp-content/uploads/2021/12/IMG_1097-150x150.jpg from 5 KB to 4 KB
[15-12-2021 21:57:00] Optimized file /wp-content/uploads/2021/12/IMG_1097-265x331.jpg from 15 KB to 12 KB
[15-12-2021 21:57:03] Optimized file /wp-content/uploads/2021/12/IMG_1097-504x720.jpg from 50 KB to 41 KB
[15-12-2021 21:57:10] Optimized file /wp-content/uploads/2021/12/IMG_1097-100x100.jpg from 3 KB to 2 KB
[15-12-2021 21:57:13] Optimized file /wp-content/uploads/2021/12/IMG_1097-265x331.jpg from 12 KB to 12 KB
[15-12-2021 21:57:29] Optimized file /wp-content/uploads/2021/12/IMG_1097-100x100.jpg from 2 KB to 2 KB
[15-12-2021 21:57:29] Revert original image for : /wp-content/uploads/2021/12/IMG_1099.jpg
[15-12-2021 21:57:32] Optimized file /wp-content/uploads/2021/12/IMG_1099.jpg from 261 KB to 40 KB
[15-12-2021 21:57:38] Optimized file /wp-content/uploads/2021/12/IMG_1099-212x300.jpg from 9 KB to 7 KB
[15-12-2021 21:57:40] Optimized file /wp-content/uploads/2021/12/IMG_1099-150x150.jpg from 3 KB to 2 KB
[15-12-2021 21:57:42] Optimized file /wp-content/uploads/2021/12/IMG_1099-265x331.jpg from 10 KB to 8 KB
[15-12-2021 21:57:45] Optimized file /wp-content/uploads/2021/12/IMG_1099-504x712.jpg from 36 KB to 27 KB
[15-12-2021 21:57:45] Optimized file /wp-content/uploads/2021/12/IMG_1099-100x100.jpg from 2 KB to 1 KB
[15-12-2021 21:57:52] Optimized file /wp-content/uploads/2021/12/IMG_1099-265x331.jpg from 8 KB to 8 KB
[15-12-2021 21:57:56] Optimized file /wp-content/uploads/2021/12/IMG_1099-504x712.jpg from 27 KB to 27 KB
[15-12-2021 21:58:06] Optimized file /wp-content/uploads/2021/12/IMG_1099-100x100.jpg from 1 KB to 1 KB
[15-12-2021 21:58:06] Revert original image for : /wp-content/uploads/2021/12/cropped-cropped-logo@2x.png
[15-12-2021 21:58:07] Optimized file /wp-content/uploads/2021/12/cropped-cropped-logo@2x.png from 16 KB to 7 KB
[15-12-2021 21:58:07] Optimized file /wp-content/uploads/2021/12/cropped-cropped-logo@2x-300x300.png from 9 KB to 5 KB
[15-12-2021 21:58:10] Optimized file /wp-content/uploads/2021/12/cropped-cropped-logo@2x-150x150.png from 4 KB to 2 KB
[15-12-2021 21:58:10] Optimized file /wp-content/uploads/2021/12/cropped-cropped-logo@2x-265x331.png from 7 KB to 4 KB
[15-12-2021 21:58:14] Optimized file /wp-content/uploads/2021/12/cropped-cropped-logo@2x-504x504.png from 18 KB to 9 KB
[15-12-2021 21:58:20] Optimized file /wp-content/uploads/2021/12/cropped-cropped-logo@2x-100x100.png from 2 KB to 1 KB
[15-12-2021 21:58:21] Optimized file /wp-content/uploads/2021/12/cropped-cropped-logo@2x-265x331.png from 4 KB to 4 KB
[15-12-2021 21:58:21] Optimized file /wp-content/uploads/2021/12/cropped-cropped-logo@2x-504x504.png from 9 KB to 9 KB
[15-12-2021 21:58:26] Optimized file /wp-content/uploads/2021/12/cropped-cropped-logo@2x-100x100.png from 1 KB to 1 KB
[15-12-2021 21:58:26] Revert original image for : /wp-content/uploads/2021/12/cropped-logo@2x.png
[15-12-2021 21:58:28] Optimized file /wp-content/uploads/2021/12/cropped-logo@2x.png from 16 KB to 7 KB
[15-12-2021 21:58:35] Optimized file /wp-content/uploads/2021/12/cropped-logo@2x-300x300.png from 9 KB to 5 KB
[15-12-2021 21:58:36] Optimized file /wp-content/uploads/2021/12/cropped-logo@2x-150x150.png from 4 KB to 2 KB
[15-12-2021 21:58:36] Optimized file /wp-content/uploads/2021/12/cropped-logo@2x-265x331.png from 7 KB to 4 KB
[15-12-2021 21:58:44] Optimized file /wp-content/uploads/2021/12/cropped-logo@2x-504x504.png from 18 KB to 9 KB
[15-12-2021 21:58:47] Optimized file /wp-content/uploads/2021/12/cropped-logo@2x-100x100.png from 2 KB to 1 KB
[15-12-2021 21:58:48] Optimized file /wp-content/uploads/2021/12/cropped-logo@2x-265x331.png from 4 KB to 4 KB
[15-12-2021 21:58:50] Optimized file /wp-content/uploads/2021/12/cropped-logo@2x-504x504.png from 9 KB to 9 KB
[15-12-2021 21:58:53] Optimized file /wp-content/uploads/2021/12/cropped-logo@2x-100x100.png from 1 KB to 1 KB
[15-12-2021 21:58:53] Revert original image for : /wp-content/uploads/2021/12/cropped-nytlogo.png
[15-12-2021 21:58:54] Optimized file /wp-content/uploads/2021/12/cropped-nytlogo.png from 4 KB to 3 KB
[15-12-2021 21:58:54] Optimized file /wp-content/uploads/2021/12/cropped-nytlogo-300x235.png from 4 KB to 2 KB
[15-12-2021 21:58:56] Optimized file /wp-content/uploads/2021/12/cropped-nytlogo-150x150.png from 1 KB to 1 KB
[15-12-2021 21:58:56] Optimized file /wp-content/uploads/2021/12/cropped-nytlogo-265x331.png from 3 KB to 2 KB
[15-12-2021 21:58:59] Optimized file /wp-content/uploads/2021/12/cropped-nytlogo-100x100.png from 1 KB to 1 KB
[15-12-2021 21:59:02] Optimized file /wp-content/uploads/2021/12/cropped-nytlogo-265x331.png from 2 KB to 2 KB
[15-12-2021 21:59:06] Revert original image for : /wp-content/uploads/2021/12/cropped-nytlogo.png
[15-12-2021 21:59:08] Optimized file /wp-content/uploads/2021/12/cropped-nytlogo-100x100.png from 1 KB to 1 KB
[15-12-2021 21:59:08] Revert original image for : 
[15-12-2021 21:59:08] Error! Attachment # has no corresponding file on disk.
[15-12-2021 21:59:08] Error! File  not found on disk.
[15-12-2021 21:59:08] Revert original image for : 
[15-12-2021 21:59:08] Error! Attachment # has no corresponding file on disk.
[15-12-2021 21:59:08] Error! File  not found on disk.
[15-12-2021 21:59:08] Revert original image for : /wp-content/uploads/2021/12/logo@2x.png
[15-12-2021 21:59:09] Optimized file /wp-content/uploads/2021/12/logo@2x.png from 63 KB to 14 KB
[15-12-2021 21:59:12] Optimized file /wp-content/uploads/2021/12/logo@2x-300x300.png from 8 KB to 4 KB
[15-12-2021 21:59:12] Optimized file /wp-content/uploads/2021/12/logo@2x-1024x1024.png from 42 KB to 18 KB
[15-12-2021 21:59:15] Optimized file /wp-content/uploads/2021/12/cropped-nytlogo.png from 4 KB to 3 KB
[15-12-2021 21:59:18] Optimized file /wp-content/uploads/2021/12/cropped-nytlogo-300x235.png from 4 KB to 2 KB
[15-12-2021 21:59:18] Optimized file /wp-content/uploads/2021/12/cropped-nytlogo-150x150.png from 1 KB to 1 KB
[15-12-2021 21:59:18] Optimized file /wp-content/uploads/2021/12/cropped-nytlogo-265x331.png from 3 KB to 2 KB
[15-12-2021 21:59:19] Optimized file /wp-content/uploads/2021/12/cropped-nytlogo-100x100.png from 1 KB to 1 KB
[15-12-2021 21:59:20] Optimized file /wp-content/uploads/2021/12/logo@2x-150x150.png from 3 KB to 2 KB
[15-12-2021 21:59:30] Optimized file /wp-content/uploads/2021/12/cropped-nytlogo-100x100.png from 1 KB to 1 KB
[15-12-2021 21:59:30] Revert original image for : 
[15-12-2021 21:59:30] Error! Attachment # has no corresponding file on disk.
[15-12-2021 21:59:30] Error! File  not found on disk.
[15-12-2021 21:59:30] Revert original image for : 
[15-12-2021 21:59:30] Error! Attachment # has no corresponding file on disk.
[15-12-2021 21:59:30] Error! File  not found on disk.
[15-12-2021 21:59:30] Revert original image for : /wp-content/uploads/2021/12/logo@2x.png
[15-12-2021 21:59:30] Optimized file /wp-content/uploads/2021/12/logo@2x-265x331.png from 7 KB to 3 KB
[15-12-2021 21:59:31] Optimized file /wp-content/uploads/2021/12/logo@2x.png from 63 KB to 14 KB
[15-12-2021 21:59:34] Optimized file /wp-content/uploads/2021/12/logo@2x-504x504.png from 16 KB to 7 KB
[15-12-2021 21:59:39] Optimized file /wp-content/uploads/2021/12/logo@2x-300x300.png from 8 KB to 4 KB
[15-12-2021 21:59:39] Optimized file /wp-content/uploads/2021/12/logo@2x-1024x1024.png from 42 KB to 18 KB
[15-12-2021 21:59:39] Optimized file /wp-content/uploads/2021/12/logo@2x-150x150.png from 3 KB to 2 KB
[15-12-2021 21:59:41] Optimized file /wp-content/uploads/2021/12/logo@2x-768x768.png from 28 KB to 12 KB
[15-12-2021 21:59:44] Cannot establish connection with reSmush.it webservice while optimizing /customers/1/8/b/43visuals.dk/httpd.www/eksamensprojekt/wp-content/uploads/2021/12/logo@2x-100x100.png (timeout of 10sec.)
[15-12-2021 21:59:51] Cannot establish connection with reSmush.it webservice while optimizing /customers/1/8/b/43visuals.dk/httpd.www/eksamensprojekt/wp-content/uploads/2021/12/logo@2x-265x331.png (timeout of 10sec.)
[15-12-2021 21:59:52] Optimized file /wp-content/uploads/2021/12/logo@2x-504x504.png from 7 KB to 7 KB
[15-12-2021 21:59:52] Optimized file /wp-content/uploads/2021/12/logo@2x-100x100.png from 2 KB to 1 KB
[15-12-2021 21:59:54] Cannot establish connection with reSmush.it webservice while optimizing /customers/1/8/b/43visuals.dk/httpd.www/eksamensprojekt/wp-content/uploads/2021/12/logo@2x-265x331.png (timeout of 10sec.)
[15-12-2021 22:00:00] Optimized file /wp-content/uploads/2021/12/logo@2x-265x331.png from 7 KB to 3 KB
[15-12-2021 22:00:01] Optimized file /wp-content/uploads/2021/12/logo@2x-504x504.png from 7 KB to 7 KB
[15-12-2021 22:00:07] Optimized file /wp-content/uploads/2021/12/logo@2x-504x504.png from 7 KB to 7 KB
[15-12-2021 22:00:10] Optimized file /wp-content/uploads/2021/12/logo@2x-100x100.png from 1 KB to 1 KB
[15-12-2021 22:00:10] Revert original image for : /wp-content/uploads/2021/12/nytlogo.png
[15-12-2021 22:00:12] Optimized file /wp-content/uploads/2021/12/nytlogo.png from 13 KB to 4 KB
[15-12-2021 22:00:13] Optimized file /wp-content/uploads/2021/12/nytlogo-273x300.png from 5 KB to 3 KB
[15-12-2021 22:00:14] Optimized file /wp-content/uploads/2021/12/logo@2x-100x100.png from 1 KB to 1 KB
[15-12-2021 22:00:14] Revert original image for : /wp-content/uploads/2021/12/nytlogo.png
[15-12-2021 22:00:16] Optimized file /wp-content/uploads/2021/12/nytlogo.png from 13 KB to 4 KB
[15-12-2021 22:00:16] Optimized file /wp-content/uploads/2021/12/nytlogo-150x150.png from 2 KB to 2 KB
[15-12-2021 22:00:19] Optimized file /wp-content/uploads/2021/12/nytlogo-265x331.png from 5 KB to 3 KB
[15-12-2021 22:00:20] Optimized file /wp-content/uploads/2021/12/nytlogo-273x300.png from 5 KB to 3 KB
[15-12-2021 22:00:21] Optimized file /wp-content/uploads/2021/12/nytlogo-150x150.png from 2 KB to 2 KB
[15-12-2021 22:00:25] Optimized file /wp-content/uploads/2021/12/nytlogo-265x331.png from 3 KB to 3 KB
[15-12-2021 22:00:26] Optimized file /wp-content/uploads/2021/12/nytlogo-100x100.png from 1 KB to 1 KB
[15-12-2021 22:00:26] Optimized file /wp-content/uploads/2021/12/nytlogo-265x331.png from 3 KB to 3 KB
[15-12-2021 22:00:31] Optimized file /wp-content/uploads/2021/12/nytlogo-100x100.png from 1 KB to 1 KB
[15-12-2021 22:00:32] Optimized file /wp-content/uploads/2021/12/nytlogo-265x331.png from 3 KB to 3 KB
[15-12-2021 22:00:32] Optimized file /wp-content/uploads/2021/12/nytlogo-100x100.png from 1 KB to 1 KB
[15-12-2021 22:00:32] Revert original image for : 
[15-12-2021 22:00:32] Error! Attachment # has no corresponding file on disk.
[15-12-2021 22:00:32] Error! File  not found on disk.
[15-12-2021 22:00:32] Revert original image for : /wp-content/uploads/2019/04/woocommerce-placeholder.png
[15-12-2021 22:00:33] Optimized file /wp-content/uploads/2021/12/nytlogo-100x100.png from 1 KB to 1 KB
[15-12-2021 22:00:33] Revert original image for : 
[15-12-2021 22:00:33] Error! Attachment # has no corresponding file on disk.
[15-12-2021 22:00:33] Error! File  not found on disk.
[15-12-2021 22:00:33] Revert original image for : /wp-content/uploads/2019/04/woocommerce-placeholder.png
[15-12-2021 22:00:36] Optimized file /wp-content/uploads/2019/04/woocommerce-placeholder.png from 19 KB to 19 KB
[15-12-2021 22:00:36] Optimized file /wp-content/uploads/2019/04/woocommerce-placeholder-300x300.png from 10 KB to 5 KB
[15-12-2021 22:00:40] Optimized file /wp-content/uploads/2019/04/woocommerce-placeholder-1024x1024.png from 90 KB to 41 KB
[15-12-2021 22:00:42] Optimized file /wp-content/uploads/2019/04/woocommerce-placeholder.png from 19 KB to 19 KB
[15-12-2021 22:00:42] Optimized file /wp-content/uploads/2019/04/woocommerce-placeholder-300x300.png from 5 KB to 5 KB
[15-12-2021 22:00:43] Optimized file /wp-content/uploads/2019/04/woocommerce-placeholder-150x150.png from 3 KB to 2 KB
[15-12-2021 22:00:44] Optimized file /wp-content/uploads/2019/04/woocommerce-placeholder-1024x1024.png from 41 KB to 41 KB
[15-12-2021 22:00:44] Optimized file /wp-content/uploads/2019/04/woocommerce-placeholder-150x150.png from 2 KB to 2 KB
[15-12-2021 22:00:44] Optimized file /wp-content/uploads/2019/04/woocommerce-placeholder-768x768.png from 52 KB to 25 KB
[15-12-2021 22:00:44] Optimized file /wp-content/uploads/2019/04/woocommerce-placeholder-768x768.png from 52 KB to 25 KB
[15-12-2021 22:00:47] Optimized file /wp-content/uploads/2019/04/woocommerce-placeholder-265x331.png from 12 KB to 6 KB
[15-12-2021 22:00:57] Cannot establish connection with reSmush.it webservice while optimizing /customers/1/8/b/43visuals.dk/httpd.www/eksamensprojekt/wp-content/uploads/2019/04/woocommerce-placeholder-504x504.png (timeout of 10sec.)
[15-12-2021 22:01:12] Optimized file /wp-content/uploads/2019/04/woocommerce-placeholder-265x331.png from 6 KB to 6 KB
[15-12-2021 22:01:20] Optimized file /wp-content/uploads/2019/04/woocommerce-placeholder-504x504.png from 24 KB to 12 KB
[15-12-2021 22:01:32] Optimized file /wp-content/uploads/2019/04/woocommerce-placeholder-100x100.png from 2 KB to 1 KB
[15-12-2021 22:01:33] Optimized file /wp-content/uploads/2019/04/woocommerce-placeholder-265x331.png from 6 KB to 6 KB
[15-12-2021 22:01:35] Optimized file /wp-content/uploads/2019/04/woocommerce-placeholder-504x504.png from 12 KB to 12 KB
[15-12-2021 22:01:35] Optimized file /wp-content/uploads/2019/04/woocommerce-placeholder-100x100.png from 1 KB to 1 KB
