2021-12-15T23:56:11+00:00 NOTICE sync_store :: posting data :: Array
(
    [store_post] => Array
        (
            [id] => 61b0bac7affbe
            [is_syncing] => 
            [platform] => woocommerce
            [list_id] => 0ce22aac52
            [name] => RoedeKorsThriftClub
            [domain] => https://43visuals.dk/eksamensprojekt
            [email_address] => 43visuals@gmail.com
            [currency_code] => DKK
            [money_format] => DKK
            [primary_locale] => da_DK
            [timezone] => Europe/Copenhagen
            [phone] => 27829121
            [address] => Array
                (
                    [address1] => Store Kongensgade 25A, 1
                    [city] => København K
                    [province] => København K
                    [postal_code] => 1264
                    [country] => DK
                    [country_code] => DK
                    [phone] => 27829121
                    [company] => RoedeKorsThriftClub
                )

        )

)

2021-12-15T23:57:24+00:00 NOTICE sync_store :: posting data :: Array
(
    [store_post] => Array
        (
            [id] => 61b0bac7affbe
            [is_syncing] => 
            [platform] => woocommerce
            [list_id] => 0ce22aac52
            [name] => RoedeKorsThriftClub
            [domain] => https://43visuals.dk/eksamensprojekt
            [email_address] => 43visuals@gmail.com
            [currency_code] => SEK
            [money_format] => kr
            [primary_locale] => da_DK
            [timezone] => Europe/Copenhagen
            [phone] => 27829121
            [address] => Array
                (
                    [address1] => Store Kongensgade 25A, 1
                    [city] => København K
                    [province] => København K
                    [postal_code] => 1264
                    [country] => DK
                    [country_code] => DK
                    [phone] => 27829121
                    [company] => RoedeKorsThriftClub
                )

        )

)

